<?xml version="1.0" encoding="UTF-8"?>
<!-- Generated by org.testng.reporters.JUnitXMLReporter -->
<testsuite hostname="Ravi-PC" ignored="2" name="ChromeBrowser" tests="5" failures="1" timestamp="2020-05-09T21:05:52 IST" time="27.348" errors="0">
  <testcase name="Login_with_with_set_of_Invalid_data" time="2.166" classname="org.devlab.ui.testbed.LoginTest">
    <skipped/>
  </testcase> <!-- Login_with_with_set_of_Invalid_data -->
  <testcase name="Login_with_with_set_of_valid_data" time="2.334" classname="org.devlab.ui.testbed.LoginTest"/>
  <testcase name="Login_with_with_set_of_Invalid_data" time="2.094" classname="org.devlab.ui.testbed.LoginTest">
    <skipped/>
  </testcase> <!-- Login_with_with_set_of_Invalid_data -->
  <testcase name="register_user_with_valid_setof_data" time="16.626" classname="org.devlab.ui.testbed.RegistrationTest"/>
  <testcase name="Login_with_with_set_of_Invalid_data" time="2.299" classname="org.devlab.ui.testbed.LoginTest">
    <failure type="java.lang.AssertionError" message="Failed to login into application with valid set of user :StageUser:StagePwd expected [false] but found [true]">
      <![CDATA[java.lang.AssertionError: Failed to login into application with valid set of user :StageUser:StagePwd expected [false] but found [true]
at org.devlab.ui.testbed.LoginTest.Login_with_with_set_of_Invalid_data(LoginTest.java:47)
at java.util.concurrent.ThreadPoolExecutor.runWorker(ThreadPoolExecutor.java:1149)
at java.util.concurrent.ThreadPoolExecutor$Worker.run(ThreadPoolExecutor.java:624)
at java.lang.Thread.run(Thread.java:748)
... Removed 15 stack frames]]>
    </failure>
  </testcase> <!-- Login_with_with_set_of_Invalid_data -->
  <testcase name="@BeforeSuite beforeSuiteExc" time="0.0" classname="org.devlab.ui.basetest.BaseClass">
    <ignored/>
  </testcase> <!-- @BeforeSuite beforeSuiteExc -->
  <testcase name="@AfterSuite afterSuiteMethod" time="0.0" classname="org.devlab.ui.basetest.BaseClass">
    <ignored/>
  </testcase> <!-- @AfterSuite afterSuiteMethod -->
</testsuite> <!-- ChromeBrowser -->
